f:\sonntag_jannik\cpp0916\sdlframework\sdlframework\debug\vc140.pdb
f:\sonntag_jannik\cpp0916\sdlframework\sdlframework\debug\vc140.idb
f:\sonntag_jannik\cpp0916\sdlframework\sdlframework\debug\main.obj
f:\sonntag_jannik\cpp0916\sdlframework\sdlframework\debug\rect.obj
f:\sonntag_jannik\cpp0916\sdlframework\sdlframework\debug\texture.obj
f:\sonntag_jannik\cpp0916\sdlframework\sdlframework\debug\renderer.obj
f:\sonntag_jannik\cpp0916\sdlframework\sdlframework\debug\showcasegame.obj
f:\sonntag_jannik\cpp0916\sdlframework\sdlframework\debug\sdlframework.obj
f:\sonntag_jannik\gpd0916\cpp0916\sdlframework\sdlframework\debug\vc140.pdb
f:\sonntag_jannik\gpd0916\cpp0916\sdlframework\sdlframework\debug\vc140.idb
f:\sonntag_jannik\gpd0916\cpp0916\sdlframework\sdlframework\debug\main.obj
f:\sonntag_jannik\gpd0916\cpp0916\sdlframework\sdlframework\debug\rect.obj
f:\sonntag_jannik\gpd0916\cpp0916\sdlframework\sdlframework\debug\renderer.obj
f:\sonntag_jannik\gpd0916\cpp0916\sdlframework\sdlframework\debug\sdlframework.obj
f:\sonntag_jannik\gpd0916\cpp0916\sdlframework\sdlframework\debug\showcasegame.obj
f:\sonntag_jannik\gpd0916\cpp0916\sdlframework\sdlframework\debug\texture.obj
f:\sonntag_jannik\gpd0916\cpp0916\sdlframework\sdlframework\debug\input.obj
f:\sonntag_jannik\gpd0916\cpp0916\sdlframework\sdlframework\debug\vector.obj
f:\sonntag_jannik\cpp0916\sdlframework\debug\sdlframework.ilk
f:\sonntag_jannik\cpp0916\sdlframework\debug\sdlframework.exe
f:\sonntag_jannik\cpp0916\sdlframework\debug\sdlframework.pdb
f:\sonntag_jannik\gpd0916\cpp0916\sdlframework\debug\sdlframework.ilk
f:\sonntag_jannik\gpd0916\cpp0916\sdlframework\debug\sdlframework.exe
f:\sonntag_jannik\gpd0916\cpp0916\sdlframework\debug\sdlframework.pdb
f:\sonntag_jannik\gpd0916\cpp0916\sdlframework\sdlframework\debug\sdlframework.tlog\cl.command.1.tlog
f:\sonntag_jannik\gpd0916\cpp0916\sdlframework\sdlframework\debug\sdlframework.tlog\cl.read.1.tlog
f:\sonntag_jannik\gpd0916\cpp0916\sdlframework\sdlframework\debug\sdlframework.tlog\cl.write.1.tlog
f:\sonntag_jannik\gpd0916\cpp0916\sdlframework\sdlframework\debug\sdlframework.tlog\link.command.1.tlog
f:\sonntag_jannik\gpd0916\cpp0916\sdlframework\sdlframework\debug\sdlframework.tlog\link.read.1.tlog
f:\sonntag_jannik\gpd0916\cpp0916\sdlframework\sdlframework\debug\sdlframework.tlog\link.write.1.tlog
