Build started 13.02.2017 10:54:34.
     1>Project "D:\Jannik Sonntag\Cpp0916\SDLGame\SDLGame\SDLGame.vcxproj" on node 2 (Rebuild target(s)).
     1>ClCompile:
         C:\Program Files (x86)\Microsoft Visual Studio 14.0\VC\bin\x86_amd64\CL.exe /c /ZI /nologo /W3 /WX- /sdl /Od /D _DEBUG /D _CONSOLE /D _UNICODE /D UNICODE /Gm /EHsc /RTC1 /MDd /GS /fp:precise /Zc:wchar_t /Zc:forScope /Zc:inline /Fo"x64\Debug\\" /Fd"x64\Debug\vc140.pdb" /Gd /TP /errorReport:prompt AnimationClip.cpp Font.cpp Input.cpp Main.cpp Rect.cpp Renderer.cpp SDLFramework.cpp SDLGame.cpp SoundEffect.cpp SpriteSheetAnimation.cpp Texture.cpp Vector.cpp
         Vector.cpp
         Texture.cpp
     1>d:\jannik sonntag\cpp0916\sdlgame\sdlgame\sdlinclude.h(2): fatal error C1083: Cannot open include file: 'SDL.h': No such file or directory
         SpriteSheetAnimation.cpp
     1>d:\jannik sonntag\cpp0916\sdlgame\sdlgame\sdlinclude.h(2): fatal error C1083: Cannot open include file: 'SDL.h': No such file or directory
         SoundEffect.cpp
     1>d:\jannik sonntag\cpp0916\sdlgame\sdlgame\sdlinclude.h(2): fatal error C1083: Cannot open include file: 'SDL.h': No such file or directory
         SDLGame.cpp
     1>d:\jannik sonntag\cpp0916\sdlgame\sdlgame\sdlinclude.h(2): fatal error C1083: Cannot open include file: 'SDL.h': No such file or directory
         SDLFramework.cpp
     1>d:\jannik sonntag\cpp0916\sdlgame\sdlgame\sdlinclude.h(2): fatal error C1083: Cannot open include file: 'SDL.h': No such file or directory
         Renderer.cpp
     1>d:\jannik sonntag\cpp0916\sdlgame\sdlgame\sdlinclude.h(2): fatal error C1083: Cannot open include file: 'SDL.h': No such file or directory
         Rect.cpp
     1>d:\jannik sonntag\cpp0916\sdlgame\sdlgame\sdlinclude.h(2): fatal error C1083: Cannot open include file: 'SDL.h': No such file or directory
         Main.cpp
     1>d:\jannik sonntag\cpp0916\sdlgame\sdlgame\sdlinclude.h(2): fatal error C1083: Cannot open include file: 'SDL.h': No such file or directory
         Input.cpp
     1>d:\jannik sonntag\cpp0916\sdlgame\sdlgame\sdlinclude.h(2): fatal error C1083: Cannot open include file: 'SDL.h': No such file or directory
         Font.cpp
     1>d:\jannik sonntag\cpp0916\sdlgame\sdlgame\font.h(3): fatal error C1083: Cannot open include file: 'SDL_ttf.h': No such file or directory
         AnimationClip.cpp
         Generating Code...
     1>Done Building Project "D:\Jannik Sonntag\Cpp0916\SDLGame\SDLGame\SDLGame.vcxproj" (Rebuild target(s)) -- FAILED.

Build FAILED.

Time Elapsed 00:00:00.89
