Build started 20.02.2017 11:36:36.
     1>Project "D:\Jannik Sonntag\Cpp0916\SDLGame\SDLGame\SDLGame.vcxproj" on node 2 (Build target(s)).
     1>ClCompile:
         C:\Program Files (x86)\Microsoft Visual Studio 14.0\VC\bin\CL.exe /c /ZI /nologo /W3 /WX- /sdl /Od /Oy- /D WIN32 /D _DEBUG /D _CONSOLE /D _UNICODE /D UNICODE /Gm /EHsc /RTC1 /MDd /GS /fp:precise /Zc:wchar_t /Zc:forScope /Zc:inline /Fo"Debug\\" /Fd"Debug\vc140.pdb" /Gd /TP /analyze- /errorReport:prompt Level.cpp
         Level.cpp
       Link:
         C:\Program Files (x86)\Microsoft Visual Studio 14.0\VC\bin\link.exe /ERRORREPORT:PROMPT /OUT:"D:\Jannik Sonntag\Cpp0916\SDLGame\Debug\SDLGame.exe" /INCREMENTAL /NOLOGO Box2D.lib kernel32.lib user32.lib gdi32.lib winspool.lib comdlg32.lib advapi32.lib shell32.lib ole32.lib oleaut32.lib uuid.lib odbc32.lib odbccp32.lib /MANIFEST /MANIFESTUAC:"level='asInvoker' uiAccess='false'" /manifest:embed /Debug /PDB:"D:\Jannik Sonntag\Cpp0916\SDLGame\Debug\SDLGame.pdb" /SUBSYSTEM:CONSOLE /TLBID:1 /DYNAMICBASE /NXCOMPAT /IMPLIB:"D:\Jannik Sonntag\Cpp0916\SDLGame\Debug\SDLGame.lib" /MACHINE:X86 Debug\AnimationClip.obj
         Debug\BackgroundObject.obj
         Debug\Font.obj
         Debug\GridObject.obj
         Debug\Input.obj
         Debug\LayeredGridObject.obj
         Debug\Level.obj
         Debug\LevelSection.obj
         Debug\Main.obj
         Debug\Rect.obj
         Debug\Renderer.obj
         Debug\SDLFramework.obj
         Debug\SDLGame.obj
         Debug\SoundEffect.obj
         Debug\SpriteSheetAnimation.obj
         Debug\Texture.obj
         Debug\Vector.obj
         SDLGame.vcxproj -> D:\Jannik Sonntag\Cpp0916\SDLGame\Debug\SDLGame.exe
     1>Done Building Project "D:\Jannik Sonntag\Cpp0916\SDLGame\SDLGame\SDLGame.vcxproj" (Build target(s)).

Build succeeded.

Time Elapsed 00:00:00.95
