Build started 13.02.2017 10:20:14.
     1>Project "D:\Jannik Sonntag\Cpp0916\Box2D-master\Box2D\Build\vs2015\glfw.vcxproj" on node 3 (Rebuild target(s)).
     1>ClCompile:
         C:\Program Files (x86)\Microsoft Visual Studio 14.0\VC\bin\CL.exe /c /Zi /nologo /W3 /WX- /Od /Oy- /D WIN32 /D _DEBUG /D _LIB /D _CRT_SECURE_NO_WARNINGS /D _UNICODE /D UNICODE /Gm /EHsc /RTC1 /MDd /GS /fp:precise /Zc:wchar_t /Zc:forScope /Zc:inline /Fo"obj\x32\Debug\glfw\\" /Fd"bin\x32\Debug\glfw.pdb" /Gd /TC /analyze- /errorReport:prompt ..\..\glfw\context.c ..\..\glfw\init.c ..\..\glfw\input.c ..\..\glfw\monitor.c ..\..\glfw\wgl_context.c ..\..\glfw\win32_init.c ..\..\glfw\win32_monitor.c ..\..\glfw\win32_time.c ..\..\glfw\win32_tls.c ..\..\glfw\win32_window.c ..\..\glfw\window.c ..\..\glfw\winmm_joystick.c
         winmm_joystick.c
         window.c
         win32_window.c
         win32_tls.c
         win32_time.c
         win32_monitor.c
         win32_init.c
         wgl_context.c
         monitor.c
         input.c
         init.c
         context.c
         Generating Code...
       Lib:
         C:\Program Files (x86)\Microsoft Visual Studio 14.0\VC\bin\Lib.exe /OUT:"bin\x32\Debug\glfw.lib" /NOLOGO obj\x32\Debug\glfw\context.obj
         obj\x32\Debug\glfw\init.obj
         obj\x32\Debug\glfw\input.obj
         obj\x32\Debug\glfw\monitor.obj
         obj\x32\Debug\glfw\wgl_context.obj
         obj\x32\Debug\glfw\win32_init.obj
         obj\x32\Debug\glfw\win32_monitor.obj
         obj\x32\Debug\glfw\win32_time.obj
         obj\x32\Debug\glfw\win32_tls.obj
         obj\x32\Debug\glfw\win32_window.obj
         obj\x32\Debug\glfw\window.obj
         obj\x32\Debug\glfw\winmm_joystick.obj
         glfw.vcxproj -> D:\Jannik Sonntag\Cpp0916\Box2D-master\Box2D\Build\vs2015\bin\x32\Debug\glfw.lib
     1>Done Building Project "D:\Jannik Sonntag\Cpp0916\Box2D-master\Box2D\Build\vs2015\glfw.vcxproj" (Rebuild target(s)).

Build succeeded.

Time Elapsed 00:00:03.29
