d:\jannik sonntag\cpp0916\box2d-master\box2d\build\vs2015\bin\x32\debug\glfw.pdb
d:\jannik sonntag\cpp0916\box2d-master\box2d\build\vs2015\bin\x32\debug\glfw.idb
d:\jannik sonntag\cpp0916\box2d-master\box2d\build\vs2015\obj\x32\debug\glfw\context.obj
d:\jannik sonntag\cpp0916\box2d-master\box2d\build\vs2015\obj\x32\debug\glfw\init.obj
d:\jannik sonntag\cpp0916\box2d-master\box2d\build\vs2015\obj\x32\debug\glfw\input.obj
d:\jannik sonntag\cpp0916\box2d-master\box2d\build\vs2015\obj\x32\debug\glfw\monitor.obj
d:\jannik sonntag\cpp0916\box2d-master\box2d\build\vs2015\obj\x32\debug\glfw\wgl_context.obj
d:\jannik sonntag\cpp0916\box2d-master\box2d\build\vs2015\obj\x32\debug\glfw\win32_init.obj
d:\jannik sonntag\cpp0916\box2d-master\box2d\build\vs2015\obj\x32\debug\glfw\win32_monitor.obj
d:\jannik sonntag\cpp0916\box2d-master\box2d\build\vs2015\obj\x32\debug\glfw\win32_time.obj
d:\jannik sonntag\cpp0916\box2d-master\box2d\build\vs2015\obj\x32\debug\glfw\win32_tls.obj
d:\jannik sonntag\cpp0916\box2d-master\box2d\build\vs2015\obj\x32\debug\glfw\win32_window.obj
d:\jannik sonntag\cpp0916\box2d-master\box2d\build\vs2015\obj\x32\debug\glfw\window.obj
d:\jannik sonntag\cpp0916\box2d-master\box2d\build\vs2015\obj\x32\debug\glfw\winmm_joystick.obj
d:\jannik sonntag\cpp0916\box2d-master\box2d\build\vs2015\bin\x32\debug\glfw.lib
d:\jannik sonntag\cpp0916\box2d-master\box2d\build\vs2015\obj\x32\debug\glfw\glfw.tlog\cl.command.1.tlog
d:\jannik sonntag\cpp0916\box2d-master\box2d\build\vs2015\obj\x32\debug\glfw\glfw.tlog\cl.read.1.tlog
d:\jannik sonntag\cpp0916\box2d-master\box2d\build\vs2015\obj\x32\debug\glfw\glfw.tlog\cl.write.1.tlog
d:\jannik sonntag\cpp0916\box2d-master\box2d\build\vs2015\obj\x32\debug\glfw\glfw.tlog\lib-link.read.1.tlog
d:\jannik sonntag\cpp0916\box2d-master\box2d\build\vs2015\obj\x32\debug\glfw\glfw.tlog\lib-link.write.1.tlog
d:\jannik sonntag\cpp0916\box2d-master\box2d\build\vs2015\obj\x32\debug\glfw\glfw.tlog\lib.command.1.tlog
